This is pdfTeX, Version 3.14159265-2.6-1.40.19 (TeX Live 2018) (preloaded format=pdflatex 2018.4.16)  17 JUL 2019 13:17
entering extended mode
 restricted \write18 enabled.
 %&-line parsing enabled.
**linearpartition
(./linearpartition.tex
LaTeX2e <2018-04-01> patch level 2
Babel <3.18> and hyphenation patterns for 84 language(s) loaded.
(./ws-procs11x85.cls
(/usr/local/texlive/2018/texmf-dist/tex/latex/amsfonts/amsfonts.sty
Package: amsfonts 2013/01/14 v3.01 Basic AMSFonts support
\@emptytoks=\toks14
\symAMSa=\mathgroup4
\symAMSb=\mathgroup5
LaTeX Font Info:    Overwriting math alphabet `\mathfrak' in version `bold'
(Font)                  U/euf/m/n --> U/euf/b/n on input line 106.
)
(/usr/local/texlive/2018/texmf-dist/tex/latex/amsfonts/amssymb.sty
Package: amssymb 2013/01/14 v3.01 AMS font symbols
)
(/usr/local/texlive/2018/texmf-dist/tex/latex/amsmath/amsmath.sty
Package: amsmath 2017/09/02 v2.17a AMS math features
\@mathmargin=\skip41

For additional information on amsmath, use the `?' option.
(/usr/local/texlive/2018/texmf-dist/tex/latex/amsmath/amstext.sty
Package: amstext 2000/06/29 v2.01 AMS text

(/usr/local/texlive/2018/texmf-dist/tex/latex/amsmath/amsgen.sty
File: amsgen.sty 1999/11/30 v2.0 generic functions
\@emptytoks=\toks15
\ex@=\dimen102
))
(/usr/local/texlive/2018/texmf-dist/tex/latex/amsmath/amsbsy.sty
Package: amsbsy 1999/11/29 v1.2d Bold Symbols
\pmbraise@=\dimen103
)
(/usr/local/texlive/2018/texmf-dist/tex/latex/amsmath/amsopn.sty
Package: amsopn 2016/03/08 v2.02 operator names
)
\inf@bad=\count80
LaTeX Info: Redefining \frac on input line 213.
\uproot@=\count81
\leftroot@=\count82
LaTeX Info: Redefining \overline on input line 375.
\classnum@=\count83
\DOTSCASE@=\count84
LaTeX Info: Redefining \ldots on input line 472.
LaTeX Info: Redefining \dots on input line 475.
LaTeX Info: Redefining \cdots on input line 596.
\Mathstrutbox@=\box26
\strutbox@=\box27
\big@size=\dimen104
LaTeX Font Info:    Redeclaring font encoding OML on input line 712.
LaTeX Font Info:    Redeclaring font encoding OMS on input line 713.
\macc@depth=\count85
\c@MaxMatrixCols=\count86
\dotsspace@=\muskip10
\c@parentequation=\count87
\dspbrk@lvl=\count88
\tag@help=\toks16
\row@=\count89
\column@=\count90
\maxfields@=\count91
\andhelp@=\toks17
\eqnshift@=\dimen105
\alignsep@=\dimen106
\tagshift@=\dimen107
\tagwidth@=\dimen108
\totwidth@=\dimen109
\lineht@=\dimen110
\@envbody=\toks18
\multlinegap=\skip42
\multlinetaggap=\skip43
\mathdisplay@stack=\toks19
LaTeX Info: Redefining \[ on input line 2817.
LaTeX Info: Redefining \] on input line 2818.
)
Document Class: ws-procs11x85 2000/12/15 v1.2u Standard LaTeX document class
\wsdraftrule=\dimen111
\minute=\count92
\hour=\count93
\trimheight=\dimen112
\trimwidth=\dimen113
\typeheight=\dimen114
\typewidth=\dimen115
\tempdimen=\dimen116
\tablewidth=\dimen117
\normaltextheight=\dimen118
\tempbox=\box28
\tablewd=\dimen119
\c@part=\count94
\c@ptitl=\count95
\@tempcntc=\count96
\c@section=\count97
\c@subsection=\count98
\c@subsubsection=\count99
\c@paragraph=\count100
\c@subparagraph=\count101
\abovecaptionskip=\skip44
\belowcaptionskip=\skip45
\captionbox=\box29
\c@figure=\count102
\c@table=\count103
\bibindent=\dimen120
\c@appendixc=\count104
\c@subappendixc=\count105
\c@subsubappendixc=\count106
(./ws-rotating.sty
Package: ws-rotating 1997/09/26, v2.13 Rotation package

(/usr/local/texlive/2018/texmf-dist/tex/latex/graphics/graphicx.sty
Package: graphicx 2017/06/01 v1.1a Enhanced LaTeX Graphics (DPC,SPQR)

(/usr/local/texlive/2018/texmf-dist/tex/latex/graphics/keyval.sty
Package: keyval 2014/10/28 v1.15 key=value parser (DPC)
\KV@toks@=\toks20
)
(/usr/local/texlive/2018/texmf-dist/tex/latex/graphics/graphics.sty
Package: graphics 2017/06/25 v1.2c Standard LaTeX Graphics (DPC,SPQR)

(/usr/local/texlive/2018/texmf-dist/tex/latex/graphics/trig.sty
Package: trig 2016/01/03 v1.10 sin cos tan (DPC)
)
(/usr/local/texlive/2018/texmf-dist/tex/latex/graphics-cfg/graphics.cfg
File: graphics.cfg 2016/06/04 v1.11 sample graphics configuration
)
Package graphics Info: Driver file: pdftex.def on input line 99.

(/usr/local/texlive/2018/texmf-dist/tex/latex/graphics-def/pdftex.def
File: pdftex.def 2018/01/08 v1.0l Graphics/color driver for pdftex
))
\Gin@req@height=\dimen121
\Gin@req@width=\dimen122
)
(/usr/local/texlive/2018/texmf-dist/tex/latex/base/ifthen.sty
Package: ifthen 2014/09/29 v1.1c Standard LaTeX ifthen package (DPC)
)
\c@r@tfl@t=\count107
\rot@float@box=\box30
)
(/usr/local/texlive/2018/texmf-dist/tex/latex/url/url.sty
\Urlmuskip=\muskip11
Package: url 2013/09/16  ver 3.4  Verb mode for urls, etc.
)
(/usr/local/texlive/2018/texmf-dist/tex/latex/cite/chapterbib.sty
\c@inputfile=\count108
Package: chapterbib 2010/09/18  v 1.17
) (./cite.sty
LaTeX Info: Redefining \cite on input line 149.
LaTeX Info: Redefining \nocite on input line 214.
Package: cite 2003/11/04  v 4.01
LaTeX Info: Redefining \cite on input line 282.
)) (./ws-procs-thm.sty
Package: ws-procs-thm 2014/01/20 WSPC Theorem Style
\c@theorem=\count109
\c@algorithm=\count110
\c@assertion=\count111
\c@assumption=\count112
\c@claim=\count113
\c@conjecture=\count114
\c@convention=\count115
\c@corollary=\count116
\c@criterion=\count117
\c@definition=\count118
\c@example=\count119
\c@lemma=\count120
\c@notation=\count121
\c@observation=\count122
\c@problem=\count123
\c@prop=\count124
\c@proposition=\count125
\c@question=\count126
\c@remark=\count127
)
(/usr/local/texlive/2018/texmf-dist/tex/latex/relsize/relsize.sty
Package: relsize 2013/03/29 ver 4.1
)
(/usr/local/texlive/2018/texmf-dist/tex/latex/multirow/multirow.sty
Package: multirow 2016/11/25 v2.2 Span multiple rows of a table
\multirow@colwidth=\skip46
\multirow@cntb=\count128
\multirow@dima=\skip47
\bigstrutjot=\dimen123
)
(/usr/local/texlive/2018/texmf-dist/tex/latex/tools/multicol.sty
Package: multicol 2018/04/01 v1.8r multicolumn formatting (FMi)
\c@tracingmulticols=\count129
\mult@box=\box31
\multicol@leftmargin=\dimen124
\c@unbalance=\count130
\c@collectmore=\count131
\doublecol@number=\count132
\multicoltolerance=\count133
\multicolpretolerance=\count134
\full@width=\dimen125
\page@free=\dimen126
\premulticols=\dimen127
\postmulticols=\dimen128
\multicolsep=\skip48
\multicolbaselineskip=\skip49
\partial@page=\box32
\last@line=\box33
\maxbalancingoverflow=\dimen129
\mult@rightbox=\box34
\mult@grightbox=\box35
\mult@gfirstbox=\box36
\mult@firstbox=\box37
\@tempa=\box38
\@tempa=\box39
\@tempa=\box40
\@tempa=\box41
\@tempa=\box42
\@tempa=\box43
\@tempa=\box44
\@tempa=\box45
\@tempa=\box46
\@tempa=\box47
\@tempa=\box48
\@tempa=\box49
\@tempa=\box50
\@tempa=\box51
\@tempa=\box52
\@tempa=\box53
\@tempa=\box54
\c@columnbadness=\count135
\c@finalcolumnbadness=\count136
\last@try=\dimen130
\multicolovershoot=\dimen131
\multicolundershoot=\dimen132
\mult@nat@firstbox=\box55
\colbreak@box=\box56
\mc@col@check@num=\count137
)
(/usr/local/texlive/2018/texmf-dist/tex/latex/tools/xspace.sty
Package: xspace 2014/10/28 v1.13 Space after command names (DPC,MH)
)
(/usr/local/texlive/2018/texmf-dist/tex/latex/float/float.sty
Package: float 2001/11/08 v1.3d Float enhancements (AL)
\c@float@type=\count138
\float@exts=\toks21
\float@box=\box57
\@float@everytoks=\toks22
\@floatcapt=\box58
)
(/usr/local/texlive/2018/texmf-dist/tex/latex/hyperref/hyperref.sty
Package: hyperref 2018/02/06 v6.86b Hypertext links for LaTeX

(/usr/local/texlive/2018/texmf-dist/tex/generic/oberdiek/hobsub-hyperref.sty
Package: hobsub-hyperref 2016/05/16 v1.14 Bundle oberdiek, subset hyperref (HO)


(/usr/local/texlive/2018/texmf-dist/tex/generic/oberdiek/hobsub-generic.sty
Package: hobsub-generic 2016/05/16 v1.14 Bundle oberdiek, subset generic (HO)
Package: hobsub 2016/05/16 v1.14 Construct package bundles (HO)
Package: infwarerr 2016/05/16 v1.4 Providing info/warning/error messages (HO)
Package: ltxcmds 2016/05/16 v1.23 LaTeX kernel commands for general use (HO)
Package: ifluatex 2016/05/16 v1.4 Provides the ifluatex switch (HO)
Package ifluatex Info: LuaTeX not detected.
Package: ifvtex 2016/05/16 v1.6 Detect VTeX and its facilities (HO)
Package ifvtex Info: VTeX not detected.
Package: intcalc 2016/05/16 v1.2 Expandable calculations with integers (HO)
Package: ifpdf 2017/03/15 v3.2 Provides the ifpdf switch
Package: etexcmds 2016/05/16 v1.6 Avoid name clashes with e-TeX commands (HO)
Package etexcmds Info: Could not find \expanded.
(etexcmds)             That can mean that you are not using pdfTeX 1.50 or
(etexcmds)             that some package has redefined \expanded.
(etexcmds)             In the latter case, load this package earlier.
Package: kvsetkeys 2016/05/16 v1.17 Key value parser (HO)
Package: kvdefinekeys 2016/05/16 v1.4 Define keys (HO)
Package: pdftexcmds 2018/01/30 v0.27 Utility functions of pdfTeX for LuaTeX (HO
)
Package pdftexcmds Info: LuaTeX not detected.
Package pdftexcmds Info: \pdf@primitive is available.
Package pdftexcmds Info: \pdf@ifprimitive is available.
Package pdftexcmds Info: \pdfdraftmode found.
Package: pdfescape 2016/05/16 v1.14 Implements pdfTeX's escape features (HO)
Package: bigintcalc 2016/05/16 v1.4 Expandable calculations on big integers (HO
)
Package: bitset 2016/05/16 v1.2 Handle bit-vector datatype (HO)
Package: uniquecounter 2016/05/16 v1.3 Provide unlimited unique counter (HO)
)
Package hobsub Info: Skipping package `hobsub' (already loaded).
Package: letltxmacro 2016/05/16 v1.5 Let assignment for LaTeX macros (HO)
Package: hopatch 2016/05/16 v1.3 Wrapper for package hooks (HO)
Package: xcolor-patch 2016/05/16 xcolor patch
Package: atveryend 2016/05/16 v1.9 Hooks at the very end of document (HO)
Package: atbegshi 2016/06/09 v1.18 At begin shipout hook (HO)
Package: refcount 2016/05/16 v3.5 Data extraction from label references (HO)
Package: hycolor 2016/05/16 v1.8 Color options for hyperref/bookmark (HO)
)
(/usr/local/texlive/2018/texmf-dist/tex/generic/ifxetex/ifxetex.sty
Package: ifxetex 2010/09/12 v0.6 Provides ifxetex conditional
)
(/usr/local/texlive/2018/texmf-dist/tex/latex/oberdiek/auxhook.sty
Package: auxhook 2016/05/16 v1.4 Hooks for auxiliary files (HO)
)
(/usr/local/texlive/2018/texmf-dist/tex/latex/oberdiek/kvoptions.sty
Package: kvoptions 2016/05/16 v3.12 Key value format for package options (HO)
)
\@linkdim=\dimen133
\Hy@linkcounter=\count139
\Hy@pagecounter=\count140

(/usr/local/texlive/2018/texmf-dist/tex/latex/hyperref/pd1enc.def
File: pd1enc.def 2018/02/06 v6.86b Hyperref: PDFDocEncoding definition (HO)
Now handling font encoding PD1 ...
... no UTF-8 mapping file for font encoding PD1
)
\Hy@SavedSpaceFactor=\count141

(/usr/local/texlive/2018/texmf-dist/tex/latex/latexconfig/hyperref.cfg
File: hyperref.cfg 2002/06/06 v1.2 hyperref configuration of TeXLive
)
Package hyperref Info: Hyper figures OFF on input line 4509.
Package hyperref Info: Link nesting OFF on input line 4514.
Package hyperref Info: Hyper index ON on input line 4517.
Package hyperref Info: Plain pages OFF on input line 4524.
Package hyperref Info: Backreferencing OFF on input line 4529.
Package hyperref Info: Implicit mode ON; LaTeX internals redefined.
Package hyperref Info: Bookmarks ON on input line 4762.
\c@Hy@tempcnt=\count142
LaTeX Info: Redefining \url on input line 5115.
\XeTeXLinkMargin=\dimen134
\Fld@menulength=\count143
\Field@Width=\dimen135
\Fld@charsize=\dimen136
Package hyperref Info: Hyper figures OFF on input line 6369.
Package hyperref Info: Link nesting OFF on input line 6374.
Package hyperref Info: Hyper index ON on input line 6377.
Package hyperref Info: backreferencing OFF on input line 6384.
Package hyperref Info: Link coloring OFF on input line 6389.
Package hyperref Info: Link coloring with OCG OFF on input line 6394.
Package hyperref Info: PDF/A mode OFF on input line 6399.
LaTeX Info: Redefining \ref on input line 6439.
LaTeX Info: Redefining \pageref on input line 6443.
\Hy@abspage=\count144
\c@Item=\count145
\c@Hfootnote=\count146
)
Package hyperref Info: Driver (autodetected): hpdftex.

(/usr/local/texlive/2018/texmf-dist/tex/latex/hyperref/hpdftex.def
File: hpdftex.def 2018/02/06 v6.86b Hyperref driver for pdfTeX
\Fld@listcount=\count147
\c@bookmark@seq@number=\count148

(/usr/local/texlive/2018/texmf-dist/tex/latex/oberdiek/rerunfilecheck.sty
Package: rerunfilecheck 2016/05/16 v1.8 Rerun checks for auxiliary files (HO)
Package uniquecounter Info: New unique counter `rerunfilecheck' on input line 2
82.
)
\Hy@SectionHShift=\skip50
)
Package hyperref Info: Option `colorlinks' set `true' on input line 21.

(./defs.tex
\permx=\count149
\permy=\count150
) (./linearpartition.aux)
\openout1 = `linearpartition.aux'.

LaTeX Font Info:    Checking defaults for OML/cmm/m/it on input line 32.
LaTeX Font Info:    ... okay on input line 32.
LaTeX Font Info:    Checking defaults for T1/cmr/m/n on input line 32.
LaTeX Font Info:    ... okay on input line 32.
LaTeX Font Info:    Checking defaults for OT1/cmr/m/n on input line 32.
LaTeX Font Info:    ... okay on input line 32.
LaTeX Font Info:    Checking defaults for OMS/cmsy/m/n on input line 32.
LaTeX Font Info:    ... okay on input line 32.
LaTeX Font Info:    Checking defaults for OMX/cmex/m/n on input line 32.
LaTeX Font Info:    ... okay on input line 32.
LaTeX Font Info:    Checking defaults for U/cmr/m/n on input line 32.
LaTeX Font Info:    ... okay on input line 32.
LaTeX Font Info:    Checking defaults for PD1/pdf/m/n on input line 32.
LaTeX Font Info:    ... okay on input line 32.

(/usr/local/texlive/2018/texmf-dist/tex/context/base/mkii/supp-pdf.mkii
[Loading MPS to PDF converter (version 2006.09.02).]
\scratchcounter=\count151
\scratchdimen=\dimen137
\scratchbox=\box59
\nofMPsegments=\count152
\nofMParguments=\count153
\everyMPshowfont=\toks23
\MPscratchCnt=\count154
\MPscratchDim=\dimen138
\MPnumerator=\count155
\makeMPintoPDFobject=\count156
\everyMPtoPDFconversion=\toks24
) (/usr/local/texlive/2018/texmf-dist/tex/latex/oberdiek/epstopdf-base.sty
Package: epstopdf-base 2016/05/15 v2.6 Base part for package epstopdf

(/usr/local/texlive/2018/texmf-dist/tex/latex/oberdiek/grfext.sty
Package: grfext 2016/05/16 v1.2 Manage graphics extensions (HO)
)
Package epstopdf-base Info: Redefining graphics rule for `.eps' on input line 4
38.
Package grfext Info: Graphics extension search list:
(grfext)             [.pdf,.png,.jpg,.mps,.jpeg,.jbig2,.jb2,.PDF,.PNG,.JPG,.JPE
G,.JBIG2,.JB2,.eps]
(grfext)             \AppendGraphicsExtensions on input line 456.

(/usr/local/texlive/2018/texmf-dist/tex/latex/latexconfig/epstopdf-sys.cfg
File: epstopdf-sys.cfg 2010/07/13 v1.3 Configuration of (r)epstopdf for TeX Liv
e
))
\AtBeginShipoutBox=\box60


Package hyperref Warning: Height of page (\paperheight) is invalid (0.0pt),
(hyperref)                using 11in.

(/usr/local/texlive/2018/texmf-dist/tex/latex/graphics/color.sty
Package: color 2016/07/10 v1.1e Standard LaTeX Color (DPC)

(/usr/local/texlive/2018/texmf-dist/tex/latex/graphics-cfg/color.cfg
File: color.cfg 2016/01/02 v1.6 sample color configuration
)
Package color Info: Driver file: pdftex.def on input line 147.
)
Package hyperref Info: Link coloring ON on input line 32.

(/usr/local/texlive/2018/texmf-dist/tex/latex/hyperref/nameref.sty
Package: nameref 2016/05/21 v2.44 Cross-referencing by name of section

(/usr/local/texlive/2018/texmf-dist/tex/generic/oberdiek/gettitlestring.sty
Package: gettitlestring 2016/05/16 v1.5 Cleanup title references (HO)
)
\c@section@level=\count157
)
LaTeX Info: Redefining \ref on input line 32.
LaTeX Info: Redefining \pageref on input line 32.
LaTeX Info: Redefining \nameref on input line 32.

(./linearpartition.out) (./linearpartition.out)
\@outlinefile=\write3
\openout3 = `linearpartition.out'.

LaTeX Font Info:    Try loading font information for U+msa on input line 38.

(/usr/local/texlive/2018/texmf-dist/tex/latex/amsfonts/umsa.fd
File: umsa.fd 2013/01/14 v3.01 AMS symbols A
)
LaTeX Font Info:    Try loading font information for U+msb on input line 38.

(/usr/local/texlive/2018/texmf-dist/tex/latex/amsfonts/umsb.fd
File: umsb.fd 2013/01/14 v3.01 AMS symbols B
) (./intro.tex
<figs/gold_RNAstructure.pdf, id=4, 314.45137pt x 312.9137pt>
File: figs/gold_RNAstructure.pdf Graphic file (type pdf)
<use figs/gold_RNAstructure.pdf>
Package pdftex.def Info: figs/gold_RNAstructure.pdf  used on input line 18.
(pdftex.def)             Requested size: 94.33614pt x 93.87483pt.
<figs/mfe_RNAstructure.pdf, id=5, 292.92416pt x 328.29033pt>
File: figs/mfe_RNAstructure.pdf Graphic file (type pdf)
<use figs/mfe_RNAstructure.pdf>
Package pdftex.def Info: figs/mfe_RNAstructure.pdf  used on input line 20.
(pdftex.def)             Requested size: 87.87791pt x 98.48785pt.
<figs/tRNA_circular.pdf, id=6, 1276.94571pt x 1200.94975pt>
File: figs/tRNA_circular.pdf Graphic file (type pdf)
<use figs/tRNA_circular.pdf>
Package pdftex.def Info: figs/tRNA_circular.pdf  used on input line 22.
(pdftex.def)             Requested size: 108.54869pt x 102.08853pt.
<figs/tRNA_heatmap_dark.pdf, id=7, 289.08pt x 289.08pt>
File: figs/tRNA_heatmap_dark.pdf Graphic file (type pdf)
<use figs/tRNA_heatmap_dark.pdf>
Package pdftex.def Info: figs/tRNA_heatmap_dark.pdf  used on input line 24.
(pdftex.def)             Requested size: 115.62994pt x 115.62994pt.

[1

{/usr/local/texlive/2018/texmf-var/fonts/map/pdftex/updmap/pdftex.map}]pdfTeX w
arning (ext4): destination with the same identifier (name{page.}) has been alre
ady used, duplicate ignored
<to be read again> 
                   \relax 
l.120 
       [2 <./figs/gold_RNAstructure.pdf> <./figs/mfe_RNAstructure.pdf

pdfTeX warning: pdflatex (file ./figs/mfe_RNAstructure.pdf): PDF inclusion: mul
tiple pdfs with page group included in a single page
> <./figs/tRNA_circular.pdf> <./figs/tRNA_heatmap_dark.pdf>]) (./results.tex
Underfull \hbox (badness 10000) in paragraph at lines 6--21
\OT1/cmr/m/n/12 download / sourcecode / 2[]4[]x / ViennaRNA-[]2 .
 []


Underfull \hbox (badness 10000) in paragraph at lines 6--21
\OT1/cmr/m/n/12 struc-tures[]([][]$http : / / rna . urmc . rochester . edu /
 []

<figs/runtime_desktop_bpp_vienna_b2.pdf, id=64, 155.58125pt x 172.645pt>
File: figs/runtime_desktop_bpp_vienna_b2.pdf Graphic file (type pdf)
<use figs/runtime_desktop_bpp_vienna_b2.pdf>
Package pdftex.def Info: figs/runtime_desktop_bpp_vienna_b2.pdf  used on input 
line 24.
(pdftex.def)             Requested size: 180.47435pt x 200.26831pt.
<figs/new_MEA_diff_gamma_beam_inf_threshold_001.pdf, id=66, 252.945pt x 176.66p
t>
File: figs/new_MEA_diff_gamma_beam_inf_threshold_001.pdf Graphic file (type pdf
)
<use figs/new_MEA_diff_gamma_beam_inf_threshold_001.pdf>
Package pdftex.def Info: figs/new_MEA_diff_gamma_beam_inf_threshold_001.pdf  us
ed on input line 39.
(pdftex.def)             Requested size: 177.06029pt x 123.66115pt.
<figs/MEA_gamma_B100.pdf, id=67, 361.35pt x 252.945pt>
File: figs/MEA_gamma_B100.pdf Graphic file (type pdf)
<use figs/MEA_gamma_B100.pdf>
Package pdftex.def Info: figs/MEA_gamma_B100.pdf  used on input line 41.
(pdftex.def)             Requested size: 209.58315pt x 146.70819pt.
pdfTeX warning (ext4): destination with the same identifier (name{page.}) has b
een already used, duplicate ignored
<to be read again> 
                   \relax 
l.78 
      [3 <./figs/runtime_desktop_bpp_vienna_b2.pdf>]

LaTeX Warning: Citation `Liang+:2019' on page  undefined on input line 91.

<figs/tRNA_identical_heatmap.pdf, id=89, 289.08pt x 289.08pt>
File: figs/tRNA_identical_heatmap.pdf Graphic file (type pdf)
<use figs/tRNA_identical_heatmap.pdf>
Package pdftex.def Info: figs/tRNA_identical_heatmap.pdf  used on input line 13
6.
(pdftex.def)             Requested size: 143.09618pt x 143.09282pt.
<figs/rmsd_family_plus_random_b2.pdf, id=90, 187.70125pt x 131.49126pt>
File: figs/rmsd_family_plus_random_b2.pdf Graphic file (type pdf)
<use figs/rmsd_family_plus_random_b2.pdf>
Package pdftex.def Info: figs/rmsd_family_plus_random_b2.pdf  used on input lin
e 138.
(pdftex.def)             Requested size: 181.25565pt x 126.98456pt.
<figs/structure_entropy_xy_plus_random.pdf, id=91, 244.915pt x 289.08pt>
File: figs/structure_entropy_xy_plus_random.pdf Graphic file (type pdf)
<use figs/structure_entropy_xy_plus_random.pdf>
Package pdftex.def Info: figs/structure_entropy_xy_plus_random.pdf  used on inp
ut line 141.
(pdftex.def)             Requested size: 133.55449pt x 157.6403pt.
<figs/sorted_prob_23s.pdf, id=92, 187.70125pt x 131.49126pt>
File: figs/sorted_prob_23s.pdf Graphic file (type pdf)
<use figs/sorted_prob_23s.pdf>
Package pdftex.def Info: figs/sorted_prob_23s.pdf  used on input line 143.
(pdftex.def)             Requested size: 181.25565pt x 126.98456pt.
pdfTeX warning (ext4): destination with the same identifier (name{page.}) has b
een already used, duplicate ignored
<to be read again> 
                   \relax 
l.156 
       [4 <./figs/new_MEA_diff_gamma_beam_inf_threshold_001.pdf> <./figs/MEA_ga
mma_B100.pdf>]
<figs/RMSD_beamsize.pdf, id=130, 259.97125pt x 180.675pt>
File: figs/RMSD_beamsize.pdf Graphic file (type pdf)
<use figs/RMSD_beamsize.pdf>
Package pdftex.def Info: figs/RMSD_beamsize.pdf  used on input line 174.
(pdftex.def)             Requested size: 228.94952pt x 159.11578pt.
pdfTeX warning (ext4): destination with the same identifier (name{page.}) has b
een already used, duplicate ignored
<to be read again> 
                   \relax 
l.176 
       [5 <./figs/tRNA_identical_heatmap.pdf> <./figs/rmsd_family_plus_random_b
2.pdf> <./figs/structure_entropy_xy_plus_random.pdf> <./figs/sorted_prob_23s.pd
f>]) (./methods.tex) (./discussion.tex

LaTeX Warning: Command \textendash invalid in math mode on input line 18.

)pdfTeX warning (ext4): destination with the same identifier (name{page.}) has 
been already used, duplicate ignored
<to be read again> 
                   \relax 
l.87 
      [6 <./figs/RMSD_beamsize.pdf>] (./linearpartition.bblpdfTeX warning (ext4
): destination with the same identifier (name{page.}) has been already used, du
plicate ignored
<to be read again> 
                   \relax 
l.83 
      [7])
Package atveryend Info: Empty hook `BeforeClearDocument' on input line 94.
pdfTeX warning (ext4): destination with the same identifier (name{page.}) has b
een already used, duplicate ignored
<to be read again> 
                   \relax 
l.94 \end{document}
                    [8]
Package atveryend Info: Empty hook `AfterLastShipout' on input line 94.
 (./linearpartition.aux)
Package atveryend Info: Executing hook `AtVeryEndDocument' on input line 94.
Package atveryend Info: Executing hook `AtEndAfterFileList' on input line 94.
Package rerunfilecheck Info: File `linearpartition.out' has not changed.
(rerunfilecheck)             Checksum: D41D8CD98F00B204E9800998ECF8427E;0.


LaTeX Warning: There were undefined references.

 ) 
Here is how much of TeX's memory you used:
 7459 strings out of 492649
 102021 string characters out of 6129622
 207075 words of memory out of 5000000
 11177 multiletter control sequences out of 15000+600000
 12847 words of font info for 48 fonts, out of 8000000 for 9000
 1141 hyphenation exceptions out of 8191
 39i,14n,30p,885b,484s stack positions out of 5000i,500n,10000p,200000b,80000s
</usr/local/texlive/2018/texmf-dist/fonts/type1/public/amsfonts/cm/cmbx10.pfb
></usr/local/texlive/2018/texmf-dist/fonts/type1/public/amsfonts/cm/cmbx12.pfb>
</usr/local/texlive/2018/texmf-dist/fonts/type1/public/amsfonts/cm/cmbx8.pfb></
usr/local/texlive/2018/texmf-dist/fonts/type1/public/amsfonts/cm/cmbxti10.pfb><
/usr/local/texlive/2018/texmf-dist/fonts/type1/public/amsfonts/cm/cmex10.pfb></
usr/local/texlive/2018/texmf-dist/fonts/type1/public/amsfonts/cm/cmmi10.pfb></u
sr/local/texlive/2018/texmf-dist/fonts/type1/public/amsfonts/cm/cmmi8.pfb></usr
/local/texlive/2018/texmf-dist/fonts/type1/public/amsfonts/cm/cmr10.pfb></usr/l
ocal/texlive/2018/texmf-dist/fonts/type1/public/amsfonts/cm/cmr12.pfb></usr/loc
al/texlive/2018/texmf-dist/fonts/type1/public/amsfonts/cm/cmr17.pfb></usr/local
/texlive/2018/texmf-dist/fonts/type1/public/amsfonts/cm/cmr8.pfb></usr/local/te
xlive/2018/texmf-dist/fonts/type1/public/amsfonts/cm/cmss12.pfb></usr/local/tex
live/2018/texmf-dist/fonts/type1/public/amsfonts/cm/cmsy10.pfb></usr/local/texl
ive/2018/texmf-dist/fonts/type1/public/amsfonts/cm/cmsy8.pfb></usr/local/texliv
e/2018/texmf-dist/fonts/type1/public/amsfonts/cm/cmti10.pfb></usr/local/texlive
/2018/texmf-dist/fonts/type1/public/amsfonts/cm/cmti12.pfb></usr/local/texlive/
2018/texmf-dist/fonts/type1/public/amsfonts/cm/cmti8.pfb>
Output written on linearpartition.pdf (8 pages, 556158 bytes).
PDF statistics:
 276 PDF objects out of 1000 (max. 8388607)
 215 compressed objects within 3 object streams
 50 named destinations out of 1000 (max. 500000)
 61 words of extra memory for PDF output out of 10000 (max. 10000000)

